<?xml version="1.0" encoding="UTF-8"?>
<!-- Generated by org.testng.reporters.JUnitXMLReporter -->
<testsuite hostname="DESKTOP-250U10H" ignored="0" name="Test" tests="3" failures="1" timestamp="2020-07-05T22:39:47 EDT" time="25.012" errors="0">
  <testcase name="verifyTransferFunds" time="0.417" classname="com.qa.testcases.TransferFundsTest">
    <failure type="java.lang.AssertionError" message="did not expect to find [true] but found [false]">
      <![CDATA[java.lang.AssertionError: did not expect to find [true] but found [false]
at com.qa.testcases.TransferFundsTest.verifyTransferFunds(TransferFundsTest.java:24)
at java.util.ArrayList.forEach(ArrayList.java:1249)
... Removed 31 stack frames]]>
    </failure>
  </testcase> <!-- verifyTransferFunds -->
  <testcase name="verifyLogin" time="0.958" classname="com.qa.testcases.LoginTest"/>
  <testcase name="verifyAddPayee" time="1.027" classname="com.qa.testcases.AddPayeeTest"/>
</testsuite> <!-- Test -->
