<?xml version="1.0" encoding="UTF-8"?>
<testng-results skipped="0" failed="1" ignored="0" total="3" passed="2">
  <reporter-output>
  </reporter-output>
  <suite name="Suite" duration-ms="25012" started-at="2020-07-05T22:39:22 EDT" finished-at="2020-07-05T22:39:47 EDT">
    <groups>
    </groups>
    <test name="Test" duration-ms="25012" started-at="2020-07-05T22:39:22 EDT" finished-at="2020-07-05T22:39:47 EDT">
      <class name="com.qa.testcases.LoginTest">
        <test-method status="PASS" signature="setup()[pri:0, instance:com.qa.testcases.LoginTest@5d20e46]" name="setup" is-config="true" duration-ms="6158" started-at="2020-07-05T22:39:32 EDT" finished-at="2020-07-05T22:39:38 EDT">
          <reporter-output>
          </reporter-output>
        </test-method> <!-- setup -->
        <test-method status="PASS" signature="verifyLogin()[pri:0, instance:com.qa.testcases.LoginTest@5d20e46]" name="verifyLogin" duration-ms="958" started-at="2020-07-05T22:39:38 EDT" finished-at="2020-07-05T22:39:39 EDT">
          <reporter-output>
          </reporter-output>
        </test-method> <!-- verifyLogin -->
        <test-method status="PASS" signature="tearDown()[pri:0, instance:com.qa.testcases.LoginTest@5d20e46]" name="tearDown" is-config="true" duration-ms="731" started-at="2020-07-05T22:39:39 EDT" finished-at="2020-07-05T22:39:39 EDT">
          <reporter-output>
          </reporter-output>
        </test-method> <!-- tearDown -->
      </class> <!-- com.qa.testcases.LoginTest -->
      <class name="com.qa.testcases.TransferFundsTest">
        <test-method status="PASS" signature="setup()[pri:0, instance:com.qa.testcases.TransferFundsTest@7364985f]" name="setup" is-config="true" duration-ms="7894" started-at="2020-07-05T22:39:22 EDT" finished-at="2020-07-05T22:39:30 EDT">
          <reporter-output>
          </reporter-output>
        </test-method> <!-- setup -->
        <test-method status="FAIL" signature="verifyTransferFunds()[pri:0, instance:com.qa.testcases.TransferFundsTest@7364985f]" name="verifyTransferFunds" duration-ms="417" started-at="2020-07-05T22:39:30 EDT" finished-at="2020-07-05T22:39:31 EDT">
          <exception class="java.lang.AssertionError">
            <message>
              <![CDATA[did not expect to find [true] but found [false]]]>
            </message>
            <full-stacktrace>
              <![CDATA[java.lang.AssertionError: did not expect to find [true] but found [false]
at org.testng.Assert.fail(Assert.java:97)
at org.testng.Assert.failNotEquals(Assert.java:969)
at org.testng.Assert.assertTrue(Assert.java:43)
at org.testng.Assert.assertTrue(Assert.java:53)
at com.qa.testcases.TransferFundsTest.verifyTransferFunds(TransferFundsTest.java:24)
at sun.reflect.NativeMethodAccessorImpl.invoke0(Native Method)
at sun.reflect.NativeMethodAccessorImpl.invoke(NativeMethodAccessorImpl.java:62)
at sun.reflect.DelegatingMethodAccessorImpl.invoke(DelegatingMethodAccessorImpl.java:43)
at java.lang.reflect.Method.invoke(Method.java:498)
at org.testng.internal.MethodInvocationHelper.invokeMethod(MethodInvocationHelper.java:133)
at org.testng.internal.TestInvoker.invokeMethod(TestInvoker.java:584)
at org.testng.internal.TestInvoker.invokeTestMethod(TestInvoker.java:172)
at org.testng.internal.MethodRunner.runInSequence(MethodRunner.java:46)
at org.testng.internal.TestInvoker$MethodInvocationAgent.invoke(TestInvoker.java:804)
at org.testng.internal.TestInvoker.invokeTestMethods(TestInvoker.java:145)
at org.testng.internal.TestMethodWorker.invokeTestMethods(TestMethodWorker.java:146)
at org.testng.internal.TestMethodWorker.run(TestMethodWorker.java:128)
at java.util.ArrayList.forEach(ArrayList.java:1249)
at org.testng.TestRunner.privateRun(TestRunner.java:770)
at org.testng.TestRunner.run(TestRunner.java:591)
at org.testng.SuiteRunner.runTest(SuiteRunner.java:402)
at org.testng.SuiteRunner.runSequentially(SuiteRunner.java:396)
at org.testng.SuiteRunner.privateRun(SuiteRunner.java:355)
at org.testng.SuiteRunner.run(SuiteRunner.java:304)
at org.testng.SuiteRunnerWorker.runSuite(SuiteRunnerWorker.java:53)
at org.testng.SuiteRunnerWorker.run(SuiteRunnerWorker.java:96)
at org.testng.TestNG.runSuitesSequentially(TestNG.java:1180)
at org.testng.TestNG.runSuitesLocally(TestNG.java:1102)
at org.testng.TestNG.runSuites(TestNG.java:1032)
at org.testng.TestNG.run(TestNG.java:1000)
at org.testng.remote.AbstractRemoteTestNG.run(AbstractRemoteTestNG.java:115)
at org.testng.remote.RemoteTestNG.initAndRun(RemoteTestNG.java:251)
at org.testng.remote.RemoteTestNG.main(RemoteTestNG.java:77)
]]>
            </full-stacktrace>
          </exception> <!-- java.lang.AssertionError -->
          <reporter-output>
          </reporter-output>
        </test-method> <!-- verifyTransferFunds -->
        <test-method status="PASS" signature="tearDown()[pri:0, instance:com.qa.testcases.TransferFundsTest@7364985f]" name="tearDown" is-config="true" duration-ms="733" started-at="2020-07-05T22:39:31 EDT" finished-at="2020-07-05T22:39:31 EDT">
          <reporter-output>
          </reporter-output>
        </test-method> <!-- tearDown -->
      </class> <!-- com.qa.testcases.TransferFundsTest -->
      <class name="com.qa.testcases.AddPayeeTest">
        <test-method status="PASS" signature="setup()[pri:0, instance:com.qa.testcases.AddPayeeTest@709ba3fb]" name="setup" is-config="true" duration-ms="6141" started-at="2020-07-05T22:39:39 EDT" finished-at="2020-07-05T22:39:45 EDT">
          <reporter-output>
          </reporter-output>
        </test-method> <!-- setup -->
        <test-method status="PASS" signature="verifyAddPayee()[pri:0, instance:com.qa.testcases.AddPayeeTest@709ba3fb]" name="verifyAddPayee" duration-ms="1027" started-at="2020-07-05T22:39:45 EDT" finished-at="2020-07-05T22:39:47 EDT">
          <reporter-output>
          </reporter-output>
        </test-method> <!-- verifyAddPayee -->
        <test-method status="PASS" signature="tearDown()[pri:0, instance:com.qa.testcases.AddPayeeTest@709ba3fb]" name="tearDown" is-config="true" duration-ms="866" started-at="2020-07-05T22:39:47 EDT" finished-at="2020-07-05T22:39:47 EDT">
          <reporter-output>
          </reporter-output>
        </test-method> <!-- tearDown -->
      </class> <!-- com.qa.testcases.AddPayeeTest -->
    </test> <!-- Test -->
  </suite> <!-- Suite -->
</testng-results>
